<?xml version="1.0" encoding="UTF-8" ?>
<testsuite tests="1" failures="0" name="cn.hz.ddbm.setl.common.cmd.ShellCommandTest" time="3.129" errors="0" skipped="0">
  <properties>
    <property name="idea.version" value="2023.1.4"/>
    <property name="java.runtime.name" value="OpenJDK Runtime Environment"/>
    <property name="sun.boot.library.path" value="D:\setup\Corretto1.8\jre\bin"/>
    <property name="java.vm.version" value="25.282-b08"/>
    <property name="java.vm.vendor" value="Amazon.com Inc."/>
    <property name="maven.multiModuleProjectDirectory" value="C:\Users\wanglin\IdeaProjects\setl\setl"/>
    <property name="java.vendor.url" value="https://aws.amazon.com/corretto/"/>
    <property name="path.separator" value=";"/>
    <property name="guice.disable.misplaced.annotation.check" value="true"/>
    <property name="java.vm.name" value="OpenJDK 64-Bit Server VM"/>
    <property name="file.encoding.pkg" value="sun.io"/>
    <property name="user.script" value=""/>
    <property name="user.country" value="CN"/>
    <property name="sun.java.launcher" value="SUN_STANDARD"/>
    <property name="sun.os.patch.level" value=""/>
    <property name="java.vm.specification.name" value="Java Virtual Machine Specification"/>
    <property name="user.dir" value="C:\Users\wanglin\IdeaProjects\setl\setl"/>
    <property name="java.runtime.version" value="1.8.0_282-b08"/>
    <property name="java.awt.graphicsenv" value="sun.awt.Win32GraphicsEnvironment"/>
    <property name="java.endorsed.dirs" value="D:\setup\Corretto1.8\jre\lib\endorsed"/>
    <property name="os.arch" value="amd64"/>
    <property name="java.io.tmpdir" value="C:\Users\wanglin\AppData\Local\Temp\"/>
    <property name="line.separator" value="
"/>
    <property name="java.vm.specification.vendor" value="Oracle Corporation"/>
    <property name="user.variant" value=""/>
    <property name="os.name" value="Windows 10"/>
    <property name="maven.ext.class.path" value="D:\setup\idea23\plugins\maven\lib\maven-event-listener.jar"/>
    <property name="classworlds.conf" value="D:\setup\apache-maven-3.6.3\bin\m2.conf"/>
    <property name="sun.jnu.encoding" value="GBK"/>
    <property name="java.library.path" value="D:\setup\Corretto1.8\bin;C:\Windows\Sun\Java\bin;C:\Windows\system32;C:\Windows;C:\Windows\system32;C:\Windows;C:\Windows\System32\Wbem;C:\Windows\System32\WindowsPowerShell\v1.0\;C:\Windows\System32\OpenSSH\;C:\Program Files\TortoiseSVN\bin;D:\setup\jdk-17.0.8\bin;C:\Program Files\dotnet\;C:\Users\wanglin\AppData\Local\Microsoft\WindowsApps;C:\Users\wanglin\AppData\Local\GitHubDesktop\bin;."/>
    <property name="jansi.passthrough" value="true"/>
    <property name="maven.conf" value="D:\setup\apache-maven-3.6.3/conf"/>
    <property name="java.specification.name" value="Java Platform API Specification"/>
    <property name="java.class.version" value="52.0"/>
    <property name="sun.management.compiler" value="HotSpot 64-Bit Tiered Compilers"/>
    <property name="maven.repo.local" value="E:\repo"/>
    <property name="os.version" value="10.0"/>
    <property name="user.home" value="C:\Users\wanglin"/>
    <property name="user.timezone" value="Asia/Shanghai"/>
    <property name="java.awt.printerjob" value="sun.awt.windows.WPrinterJob"/>
    <property name="java.specification.version" value="1.8"/>
    <property name="file.encoding" value="UTF-8"/>
    <property name="user.name" value="wanglin"/>
    <property name="java.class.path" value="D:\setup\apache-maven-3.6.3\boot\plexus-classworlds-2.6.0.jar;D:\setup\apache-maven-3.6.3\boot\plexus-classworlds.license;D:\setup\idea23\lib\idea_rt.jar"/>
    <property name="java.vm.specification.version" value="1.8"/>
    <property name="sun.arch.data.model" value="64"/>
    <property name="java.home" value="D:\setup\Corretto1.8\jre"/>
    <property name="sun.java.command" value="org.codehaus.classworlds.Launcher -Didea.version=2023.1.4 -s D:\setup\apache-maven-3.8.6\conf\settings.xml -Dmaven.repo.local=E:\repo install"/>
    <property name="java.specification.vendor" value="Oracle Corporation"/>
    <property name="user.language" value="zh"/>
    <property name="awt.toolkit" value="sun.awt.windows.WToolkit"/>
    <property name="java.vm.info" value="mixed mode"/>
    <property name="java.version" value="1.8.0_282"/>
    <property name="java.ext.dirs" value="D:\setup\Corretto1.8\jre\lib\ext;C:\Windows\Sun\Java\lib\ext"/>
    <property name="sun.boot.class.path" value="D:\setup\Corretto1.8\jre\lib\resources.jar;D:\setup\Corretto1.8\jre\lib\rt.jar;D:\setup\Corretto1.8\jre\lib\sunrsasign.jar;D:\setup\Corretto1.8\jre\lib\jsse.jar;D:\setup\Corretto1.8\jre\lib\jce.jar;D:\setup\Corretto1.8\jre\lib\charsets.jar;D:\setup\Corretto1.8\jre\lib\jfr.jar;D:\setup\Corretto1.8\jre\classes"/>
    <property name="java.vendor" value="Amazon.com Inc."/>
    <property name="maven.home" value="D:\setup\apache-maven-3.6.3"/>
    <property name="file.separator" value="\"/>
    <property name="java.vendor.url.bug" value="https://github.com/corretto/corretto-8/issues/"/>
    <property name="sun.cpu.endian" value="little"/>
    <property name="sun.io.unicode.encoding" value="UnicodeLittle"/>
    <property name="sun.desktop" value="windows"/>
    <property name="sun.cpu.isalist" value="amd64"/>
  </properties>
  <testcase classname="cn.hz.ddbm.setl.common.cmd.ShellCommandTest" name="runCommand" time="3.129"/>
</testsuite>